#
# A fatal error has been detected by the Java Runtime Environment:
#
#  EXCEPTION_ACCESS_VIOLATION (0xc0000005) at pc=0x0000000002e88af0, pid=27476, tid=0x0000000000005ea8
#
# JRE version: Java(TM) SE Runtime Environment (8.0_151-b12) (build 1.8.0_151-b12)
# Java VM: Java HotSpot(TM) 64-Bit Server VM (25.151-b12 mixed mode windows-amd64 compressed oops)
# Problematic frame:
# j  javax.persistence.Persistence.<clinit>()V+0
#
# Failed to write core dump. Minidumps are not enabled by default on client versions of Windows
#
# If you would like to submit a bug report, please visit:
#   http://bugreport.java.com/bugreport/crash.jsp
#

---------------  T H R E A D  ---------------

Current thread (0x000000001c52e000):  JavaThread "background-preinit" [_thread_in_Java, id=24232, stack(0x000000001d320000,0x000000001d420000)]

siginfo: ExceptionCode=0xc0000005, reading address 0x000000001d560000

Registers:
RAX=0x0000000000000003, RBX=0x0000000000000000, RCX=0x000000001d54d9c0, RDX=0x000000000000233a
RSP=0x000000001d41ea00, RBP=0x000000001d41ea48, RSI=0x000000001c52e000, RDI=0x00000000ffffffff
R8 =0x000000000000000a, R9 =0x000000000000000a, R10=0x000000006a5a8a90, R11=0x000000001d54ecb0
R12=0x0000000000000000, R13=0x000000001d55ffff, R14=0x000000001d41ea50, R15=0x000000001c52e000
RIP=0x0000000002e88af0, EFLAGS=0x0000000000010206

Top of Stack: (sp=0x000000001d41ea00)
0x000000001d41ea00:   0000000000000003 000000001d41ea08
0x000000001d41ea10:   000000001d54d9c0 000000001d41ea50
0x000000001d41ea20:   000000001d54da50 0000000000000000
0x000000001d41ea30:   000000001d54d9c0 0000000000000000
0x000000001d41ea40:   000000001d41ea58 000000001d41eb30
0x000000001d41ea50:   0000000002e708e2 0000000000000000
0x000000001d41ea60:   0000000000000000 0000000000000000
0x000000001d41ea70:   0000000000000000 0000000000000000
0x000000001d41ea80:   0000000000000000 0000000000000000
0x000000001d41ea90:   0000000000000000 0000000000000000
0x000000001d41eaa0:   0000000000000000 0000000000000000
0x000000001d41eab0:   0000000000000000 0000000000000000
0x000000001d41eac0:   0000000000000000 0000000000000000
0x000000001d41ead0:   0000000000000000 0000000000000000
0x000000001d41eae0:   0000000000000000 0000000000000000
0x000000001d41eaf0:   0000000000000000 000000001d54d9c0 

Instructions: (pc=0x0000000002e88af0)
0x0000000002e88ad0:   1c 00 00 00 48 83 ec 10 f2 0f 11 04 24 e9 0e 00
0x0000000002e88ae0:   00 00 48 83 ec 10 48 89 04 24 e9 01 00 00 00 50
0x0000000002e88af0:   41 0f b6 5d 01 49 ff c5 49 ba 90 8a 5a 6a 00 00
0x0000000002e88b00:   00 00 41 ff 24 da 66 90 00 00 00 00 00 00 00 00 


Register to memory mapping:

RAX=0x0000000000000003 is an unknown value
RBX=0x0000000000000000 is an unknown value
RCX={method} {0x000000001d54d9c8} '<clinit>' '()V' in 'javax/persistence/Persistence'
RDX=0x000000000000233a is an unknown value
RSP=0x000000001d41ea00 is pointing into the stack for thread: 0x000000001c52e000
RBP=0x000000001d41ea48 is pointing into the stack for thread: 0x000000001c52e000
RSI=0x000000001c52e000 is a thread
RDI=0x00000000ffffffff is an unknown value
R8 =0x000000000000000a is an unknown value
R9 =0x000000000000000a is an unknown value
R10=0x000000006a5a8a90 is an unknown value
R11=0x000000001d54ecb0 is pointing into metadata
R12=0x0000000000000000 is an unknown value
R13=0x000000001d55ffff is pointing into metadata
R14=0x000000001d41ea50 is pointing into the stack for thread: 0x000000001c52e000
R15=0x000000001c52e000 is a thread


Stack: [0x000000001d320000,0x000000001d420000],  sp=0x000000001d41ea00,  free space=1018k
Native frames: (J=compiled Java code, j=interpreted, Vv=VM code, C=native code)
C  0x0000000002e88af0


---------------  P R O C E S S  ---------------

Java Threads: ( => current thread )
=>0x000000001c52e000 JavaThread "background-preinit" [_thread_in_Java, id=24232, stack(0x000000001d320000,0x000000001d420000)]
  0x000000001c39c000 JavaThread "JMX server connection timeout 17" daemon [_thread_blocked, id=22312, stack(0x000000001cec0000,0x000000001cfc0000)]
  0x000000001c383800 JavaThread "RMI TCP Connection(2)-127.0.0.1" daemon [_thread_in_native, id=28340, stack(0x000000001ccc0000,0x000000001cdc0000)]
  0x000000001c37b800 JavaThread "RMI TCP Accept-0" daemon [_thread_in_native, id=24356, stack(0x000000001cbc0000,0x000000001ccc0000)]
  0x000000001c374800 JavaThread "RMI Scheduler(0)" daemon [_thread_blocked, id=14716, stack(0x000000001cac0000,0x000000001cbc0000)]
  0x000000001c393800 JavaThread "RMI TCP Connection(1)-127.0.0.1" daemon [_thread_in_native, id=15856, stack(0x000000001c9c0000,0x000000001cac0000)]
  0x000000001c369000 JavaThread "RMI TCP Accept-62930" daemon [_thread_in_native, id=3272, stack(0x000000001c8c0000,0x000000001c9c0000)]
  0x000000001c35e800 JavaThread "RMI TCP Accept-0" daemon [_thread_in_native, id=19360, stack(0x000000001c7c0000,0x000000001c8c0000)]
  0x0000000019e6a000 JavaThread "Service Thread" daemon [_thread_blocked, id=13640, stack(0x000000001bb80000,0x000000001bc80000)]
  0x0000000019e44800 JavaThread "C1 CompilerThread2" daemon [_thread_blocked, id=28000, stack(0x000000001b680000,0x000000001b780000)]
  0x0000000019e1a800 JavaThread "C2 CompilerThread1" daemon [_thread_blocked, id=25640, stack(0x000000001b580000,0x000000001b680000)]
  0x0000000019e16000 JavaThread "C2 CompilerThread0" daemon [_thread_blocked, id=18976, stack(0x000000001b480000,0x000000001b580000)]
  0x0000000019e15000 JavaThread "Attach Listener" daemon [_thread_blocked, id=22168, stack(0x000000001b380000,0x000000001b480000)]
  0x0000000019e11800 JavaThread "Signal Dispatcher" daemon [_thread_blocked, id=25452, stack(0x000000001b280000,0x000000001b380000)]
  0x0000000019e00800 JavaThread "Finalizer" daemon [_thread_blocked, id=16276, stack(0x000000001b070000,0x000000001b170000)]
  0x0000000002e66000 JavaThread "Reference Handler" daemon [_thread_blocked, id=20196, stack(0x000000001af70000,0x000000001b070000)]
  0x0000000002d77000 JavaThread "main" [_thread_in_Java, id=19948, stack(0x0000000002c70000,0x0000000002d70000)]

Other Threads:
  0x0000000019dd7800 VMThread [stack: 0x000000001ae70000,0x000000001af70000] [id=22516]
  0x000000001c384800 WatcherThread [stack: 0x000000001cdc0000,0x000000001cec0000] [id=22396]

VM state:not at safepoint (normal execution)

VM Mutex/Monitor currently owned by a thread: None

Heap:
 PSYoungGen      total 56832K, used 41381K [0x0000000781100000, 0x0000000785000000, 0x00000007c0000000)
  eden space 49152K, 84% used [0x0000000781100000,0x0000000783969550,0x0000000784100000)
  from space 7680K, 0% used [0x0000000784880000,0x0000000784880000,0x0000000785000000)
  to   space 7680K, 0% used [0x0000000784100000,0x0000000784100000,0x0000000784880000)
 ParOldGen       total 130048K, used 0K [0x0000000703200000, 0x000000070b100000, 0x0000000781100000)
  object space 130048K, 0% used [0x0000000703200000,0x0000000703200000,0x000000070b100000)
 Metaspace       used 13074K, capacity 13480K, committed 13568K, reserved 1060864K
  class space    used 1642K, capacity 1766K, committed 1792K, reserved 1048576K

Card table byte_map: [0x0000000012230000,0x0000000012820000] byte_map_base: 0x000000000ea17000

Marking Bits: (ParMarkBitMap*) 0x000000006a5bd850
 Begin Bits: [0x0000000013010000, 0x0000000015f48000)
 End Bits:   [0x0000000015f48000, 0x0000000018e80000)

Polling page: 0x00000000011a0000

CodeCache: size=245760Kb used=2626Kb max_used=2626Kb free=243133Kb
 bounds [0x0000000002e70000, 0x0000000003110000, 0x0000000011e70000]
 total_blobs=1386 nmethods=1015 adapters=285
 compilation: enabled

Compilation events (10 events):
Event: 3.341 Thread 0x0000000019e44800  991       1       java.net.URI$Parser::scan (73 bytes)
Event: 3.342 Thread 0x0000000019e44800 nmethod 991 0x00000000030fa5d0 code [0x00000000030fa760, 0x00000000030faa68]
Event: 3.345 Thread 0x0000000019e44800  992       1       java.util.concurrent.CopyOnWriteArrayList::get (4 bytes)
Event: 3.346 Thread 0x0000000019e44800 nmethod 992 0x00000000030fad90 code [0x00000000030faee0, 0x00000000030fb010]
Event: 3.346 Thread 0x0000000019e44800  993       1       java.util.concurrent.CopyOnWriteArrayList::get (10 bytes)
Event: 3.346 Thread 0x0000000019e44800 nmethod 993 0x00000000030fb0d0 code [0x00000000030fb220, 0x00000000030fb350]
Event: 3.347 Thread 0x0000000019e44800  994       1       java.lang.reflect.Constructor::getConstructorAccessor (5 bytes)
Event: 3.347 Thread 0x0000000019e44800 nmethod 994 0x00000000030fb450 code [0x00000000030fb5a0, 0x00000000030fb6b0]
Event: 3.364 Thread 0x0000000019e44800  995       1       java.util.LinkedList::linkLast (59 bytes)
Event: 3.364 Thread 0x0000000019e44800 nmethod 995 0x00000000030fb710 code [0x00000000030fb860, 0x00000000030fba70]

GC Heap History (0 events):
No events

Deoptimization events (0 events):
No events

Internal exceptions (10 events):
Event: 3.175 Thread 0x000000001c52e000 Exception <a 'java/lang/ArrayIndexOutOfBoundsException'> (0x0000000782e0d250) thrown at [C:\re\workspace\8-2-build-windows-amd64-cygwin\jdk8u151\9699\hotspot\src\share\vm\runtime\sharedRuntime.cpp, line 605]
Event: 3.175 Thread 0x0000000002d77000 Exception <a 'java/lang/ArrayIndexOutOfBoundsException'> (0x0000000782ce3a48) thrown at [C:\re\workspace\8-2-build-windows-amd64-cygwin\jdk8u151\9699\hotspot\src\share\vm\runtime\sharedRuntime.cpp, line 605]
Event: 3.177 Thread 0x0000000002d77000 Exception <a 'java/lang/ArrayIndexOutOfBoundsException'> (0x0000000782ce5e50) thrown at [C:\re\workspace\8-2-build-windows-amd64-cygwin\jdk8u151\9699\hotspot\src\share\vm\runtime\sharedRuntime.cpp, line 605]
Event: 3.177 Thread 0x000000001c52e000 Exception <a 'java/lang/ArrayIndexOutOfBoundsException'> (0x0000000782e1b010) thrown at [C:\re\workspace\8-2-build-windows-amd64-cygwin\jdk8u151\9699\hotspot\src\share\vm\runtime\sharedRuntime.cpp, line 605]
Event: 3.179 Thread 0x000000001c52e000 Exception <a 'java/lang/ArrayIndexOutOfBoundsException'> (0x0000000782e28340) thrown at [C:\re\workspace\8-2-build-windows-amd64-cygwin\jdk8u151\9699\hotspot\src\share\vm\runtime\sharedRuntime.cpp, line 605]
Event: 3.195 Thread 0x0000000002d77000 Exception <a 'java/lang/ArrayIndexOutOfBoundsException'> (0x0000000782ede890) thrown at [C:\re\workspace\8-2-build-windows-amd64-cygwin\jdk8u151\9699\hotspot\src\share\vm\runtime\sharedRuntime.cpp, line 605]
Event: 3.199 Thread 0x0000000002d77000 Exception <a 'java/lang/ArrayIndexOutOfBoundsException'> (0x0000000782ee4870) thrown at [C:\re\workspace\8-2-build-windows-amd64-cygwin\jdk8u151\9699\hotspot\src\share\vm\runtime\sharedRuntime.cpp, line 605]
Event: 3.204 Thread 0x0000000002d77000 Exception <a 'java/lang/ArrayIndexOutOfBoundsException'> (0x0000000782eea938) thrown at [C:\re\workspace\8-2-build-windows-amd64-cygwin\jdk8u151\9699\hotspot\src\share\vm\runtime\sharedRuntime.cpp, line 605]
Event: 3.229 Thread 0x0000000002d77000 Exception <a 'java/lang/ArrayIndexOutOfBoundsException'> (0x0000000782f336a0) thrown at [C:\re\workspace\8-2-build-windows-amd64-cygwin\jdk8u151\9699\hotspot\src\share\vm\runtime\sharedRuntime.cpp, line 605]
Event: 3.285 Thread 0x000000001c383800 Exception <a 'java/lang/reflect/InvocationTargetException'> (0x0000000781e5c020) thrown at [C:\re\workspace\8-2-build-windows-amd64-cygwin\jdk8u151\9699\hotspot\src\share\vm\runtime\reflection.cpp, line 1092]

Events (10 events):
Event: 3.339 loading class javax/persistence/PersistenceUtil
Event: 3.339 loading class javax/persistence/PersistenceUtil done
Event: 3.339 loading class javax/persistence/EntityManagerFactory
Event: 3.339 loading class javax/persistence/EntityManagerFactory done
Event: 3.340 loading class org/hibernate/validator/internal/util/privilegedactions/NewInstance
Event: 3.340 loading class org/hibernate/validator/internal/util/privilegedactions/NewInstance done
Event: 3.342 loading class org/hibernate/validator/internal/util/logging/Log_$logger_es_ES
Event: 3.342 loading class org/hibernate/validator/internal/util/logging/Log_$logger_es_ES done
Event: 3.344 loading class org/hibernate/validator/internal/util/logging/Log_$logger_es
Event: 3.344 loading class org/hibernate/validator/internal/util/logging/Log_$logger_es done


Dynamic libraries:
0x00007ff610cf0000 - 0x00007ff610d27000 	C:\Program Files\Java\jdk1.8.0_151\bin\javaw.exe
0x00007ff9f1740000 - 0x00007ff9f1921000 	C:\WINDOWS\SYSTEM32\ntdll.dll
0x00007ff9eec40000 - 0x00007ff9eecf2000 	C:\WINDOWS\System32\KERNEL32.DLL
0x00007ff9ee3d0000 - 0x00007ff9ee643000 	C:\WINDOWS\System32\KERNELBASE.dll
0x00007ff9f1240000 - 0x00007ff9f12e1000 	C:\WINDOWS\System32\ADVAPI32.dll
0x00007ff9f0c60000 - 0x00007ff9f0cfe000 	C:\WINDOWS\System32\msvcrt.dll
0x00007ff9f0ff0000 - 0x00007ff9f104b000 	C:\WINDOWS\System32\sechost.dll
0x00007ff9f0b30000 - 0x00007ff9f0c54000 	C:\WINDOWS\System32\RPCRT4.dll
0x00007ff9f0e60000 - 0x00007ff9f0ff0000 	C:\WINDOWS\System32\USER32.dll
0x00007ff9ee920000 - 0x00007ff9ee940000 	C:\WINDOWS\System32\win32u.dll
0x00007ff9f01d0000 - 0x00007ff9f01f8000 	C:\WINDOWS\System32\GDI32.dll
0x00007ff9ee990000 - 0x00007ff9eeb22000 	C:\WINDOWS\System32\gdi32full.dll
0x00007ff9eeb30000 - 0x00007ff9eebcf000 	C:\WINDOWS\System32\msvcp_win.dll
0x00007ff9ee220000 - 0x00007ff9ee31a000 	C:\WINDOWS\System32\ucrtbase.dll
0x00007ff9dfaa0000 - 0x00007ff9dfd09000 	C:\WINDOWS\WinSxS\amd64_microsoft.windows.common-controls_6595b64144ccf1df_6.0.17134.523_none_fb409dd930672a56\COMCTL32.dll
0x00007ff9f13e0000 - 0x00007ff9f1702000 	C:\WINDOWS\System32\combase.dll
0x00007ff9ee650000 - 0x00007ff9ee6ca000 	C:\WINDOWS\System32\bcryptPrimitives.dll
0x00007ff9f0e30000 - 0x00007ff9f0e5d000 	C:\WINDOWS\System32\IMM32.DLL
0x000000006acf0000 - 0x000000006adc2000 	C:\Program Files\Java\jdk1.8.0_151\jre\bin\msvcr100.dll
0x0000000069da0000 - 0x000000006a63d000 	C:\Program Files\Java\jdk1.8.0_151\jre\bin\server\jvm.dll
0x00007ff9f10d0000 - 0x00007ff9f10d8000 	C:\WINDOWS\System32\PSAPI.DLL
0x00007ff9ebdb0000 - 0x00007ff9ebdd3000 	C:\WINDOWS\SYSTEM32\WINMM.dll
0x00007ff9ebd80000 - 0x00007ff9ebdaa000 	C:\WINDOWS\SYSTEM32\WINMMBASE.dll
0x00007ff9ee940000 - 0x00007ff9ee989000 	C:\WINDOWS\System32\cfgmgr32.dll
0x00007ff9e13c0000 - 0x00007ff9e13ca000 	C:\WINDOWS\SYSTEM32\VERSION.dll
0x00007ff9e1450000 - 0x00007ff9e1459000 	C:\WINDOWS\SYSTEM32\WSOCK32.dll
0x00007ff9eed20000 - 0x00007ff9eed8c000 	C:\WINDOWS\System32\WS2_32.dll
0x000000006ace0000 - 0x000000006acef000 	C:\Program Files\Java\jdk1.8.0_151\jre\bin\verify.dll
0x000000006acb0000 - 0x000000006acd9000 	C:\Program Files\Java\jdk1.8.0_151\jre\bin\java.dll
0x000000006ac90000 - 0x000000006aca6000 	C:\Program Files\Java\jdk1.8.0_151\jre\bin\zip.dll
0x00007ff9eed90000 - 0x00007ff9f01d0000 	C:\WINDOWS\System32\SHELL32.dll
0x00007ff9f07f0000 - 0x00007ff9f0899000 	C:\WINDOWS\System32\shcore.dll
0x00007ff9edb10000 - 0x00007ff9ee21d000 	C:\WINDOWS\System32\windows.storage.dll
0x00007ff9eebd0000 - 0x00007ff9eec21000 	C:\WINDOWS\System32\shlwapi.dll
0x00007ff9eda50000 - 0x00007ff9eda61000 	C:\WINDOWS\System32\kernel.appcore.dll
0x00007ff9edad0000 - 0x00007ff9edaef000 	C:\WINDOWS\System32\profapi.dll
0x00007ff9eda70000 - 0x00007ff9edabc000 	C:\WINDOWS\System32\powrprof.dll
0x00007ff9edac0000 - 0x00007ff9edaca000 	C:\WINDOWS\System32\FLTLIB.DLL
0x000000006ac00000 - 0x000000006ac0d000 	C:\Program Files\Java\jdk1.8.0_151\jre\bin\management.dll
0x000000006ac70000 - 0x000000006ac8a000 	C:\Program Files\Java\jdk1.8.0_151\jre\bin\net.dll
0x00007ff9ed220000 - 0x00007ff9ed286000 	C:\WINDOWS\system32\mswsock.dll
0x000000006ac50000 - 0x000000006ac61000 	C:\Program Files\Java\jdk1.8.0_151\jre\bin\nio.dll
0x00007ff9d9d60000 - 0x00007ff9d9d76000 	C:\WINDOWS\system32\napinsp.dll
0x00007ff9d8cb0000 - 0x00007ff9d8cca000 	C:\WINDOWS\system32\pnrpnsp.dll
0x00007ff9e9400000 - 0x00007ff9e9419000 	C:\WINDOWS\system32\NLAapi.dll
0x00007ff9ecff0000 - 0x00007ff9ed0ae000 	C:\WINDOWS\SYSTEM32\DNSAPI.dll
0x00007ff9f09a0000 - 0x00007ff9f09a8000 	C:\WINDOWS\System32\NSI.dll
0x00007ff9ecfb0000 - 0x00007ff9ecfe8000 	C:\WINDOWS\SYSTEM32\IPHLPAPI.DLL
0x00007ff9e1840000 - 0x00007ff9e184e000 	C:\WINDOWS\System32\winrnr.dll
0x00007ff9e6950000 - 0x00007ff9e695a000 	C:\Windows\System32\rasadhlp.dll
0x00007ff9e6b70000 - 0x00007ff9e6be2000 	C:\WINDOWS\System32\fwpuclnt.dll
0x00007ff9ed7a0000 - 0x00007ff9ed7c5000 	C:\WINDOWS\SYSTEM32\bcrypt.dll
0x00007ff9ed770000 - 0x00007ff9ed787000 	C:\WINDOWS\SYSTEM32\CRYPTSP.dll
0x00007ff9ece10000 - 0x00007ff9ece43000 	C:\WINDOWS\system32\rsaenh.dll
0x00007ff9ed950000 - 0x00007ff9ed978000 	C:\WINDOWS\SYSTEM32\USERENV.dll
0x00007ff9ed380000 - 0x00007ff9ed38b000 	C:\WINDOWS\SYSTEM32\CRYPTBASE.dll
0x00007ff9e8b20000 - 0x00007ff9e8b36000 	C:\WINDOWS\SYSTEM32\dhcpcsvc6.DLL
0x00007ff9e8b00000 - 0x00007ff9e8b1a000 	C:\WINDOWS\SYSTEM32\dhcpcsvc.DLL
0x00007ff9e6d80000 - 0x00007ff9e6f49000 	C:\WINDOWS\SYSTEM32\dbghelp.dll

VM Arguments:
jvm_args: -Dcom.sun.management.jmxremote -Dcom.sun.management.jmxremote.port=62930 -Dcom.sun.management.jmxremote.authenticate=false -Dcom.sun.management.jmxremote.ssl=false -Djava.rmi.server.hostname=localhost -Dspring.application.admin.enabled=true -Xverify:none -XX:TieredStopAtLevel=1 -Dfile.encoding=UTF-8 
java_command: es.ual.acg.cos.trader.register.Application
java_class_path (initial): D:\eclipse-jee-2018-12-R-win32-x86_64\workspace\cos.trader.register\target\classes;C:\Users\JaviACG\.m2\repository\org\springframework\boot\spring-boot-starter-web\2.1.4.RELEASE\spring-boot-starter-web-2.1.4.RELEASE.jar;C:\Users\JaviACG\.m2\repository\org\springframework\boot\spring-boot-starter\2.1.4.RELEASE\spring-boot-starter-2.1.4.RELEASE.jar;C:\Users\JaviACG\.m2\repository\org\springframework\boot\spring-boot\2.1.4.RELEASE\spring-boot-2.1.4.RELEASE.jar;C:\Users\JaviACG\.m2\repository\org\springframework\boot\spring-boot-autoconfigure\2.1.4.RELEASE\spring-boot-autoconfigure-2.1.4.RELEASE.jar;C:\Users\JaviACG\.m2\repository\org\springframework\boot\spring-boot-starter-logging\2.1.4.RELEASE\spring-boot-starter-logging-2.1.4.RELEASE.jar;C:\Users\JaviACG\.m2\repository\ch\qos\logback\logback-classic\1.2.3\logback-classic-1.2.3.jar;C:\Users\JaviACG\.m2\repository\ch\qos\logback\logback-core\1.2.3\logback-core-1.2.3.jar;C:\Users\JaviACG\.m2\repository\org\apache\logging\log4j\log4j-to-slf4j\2.11.2\log4j-to-slf4j-2.11.2.jar;C:\Users\JaviACG\.m2\repository\org\apache\logging\log4j\log4j-api\2.11.2\log4j-api-2.11.2.jar;C:\Users\JaviACG\.m2\repository\org\slf4j\jul-to-slf4j\1.7.26\jul-to-slf4j-1.7.26.jar;C:\Users\JaviACG\.m2\repository\org\yaml\snakeyaml\1.23\snakeyaml-1.23.jar;C:\Users\JaviACG\.m2\repository\org\springframework\boot\spring-boot-starter-json\2.1.4.RELEASE\spring-boot-starter-json-2.1.4.RELEASE.jar;C:\Users\JaviACG\.m2\repository\com\fasterxml\jackson\core\jackson-databind\2.9.8\jackson-databind-2.9.8.jar;C:\Users\JaviACG\.m2\repository\com\fasterxml\jackson\core\jackson-annotations\2.9.0\jackson-annotations-2.9.0.jar;C:\Users\JaviACG\.m2\repository\com\fasterxml\jackson\core\jackson-core\2.9.8\jackson-core-2.9.8.jar;C:\Users\JaviACG\.m2\repository\com\fasterxml\jackson\datatype\jackson-datatype-jdk8\2.9.8\jackson-datatype-jdk8-2.9.8.jar;C:\Users\JaviACG\.m2\repository\com\fasterxml\jackson\datatype\jackson-datatype-jsr310\2.9.
Launcher Type: SUN_STANDARD

Environment Variables:
JAVA_HOME=C:\Program Files\Java\jdk1.8.0_45
PATH=C:\ProgramData\DockerDesktop\version-bin;C:\Program Files\Docker\Docker\Resources\bin;C:\Program Files (x86)\Common Files\Oracle\Java\javapath;C:\Program Files (x86)\Common Files\Intel\Shared Files\cpp\bin\Intel64;C:\ProgramData\Oracle\Java\javapath;C:\WINDOWS\system32;C:\WINDOWS;C:\WINDOWS\System32\Wbem;C:\WINDOWS\System32\WindowsPowerShell\v1.0\;C:\Program Files (x86)\Subversion\bin;C:\Program Files\MiKTeX 2.9\miktex\bin\x64\;C:\Program Files\TortoiseSVN\bin;C:\WINDOWS\system32;C:\WINDOWS;C:\WINDOWS\System32\Wbem;C:\WINDOWS\System32\WindowsPowerShell\v1.0\;C:\WINDOWS\System32\OpenSSH\;C:\Program Files (x86)\Skype\Phone\;C:\Program Files\Git\cmd;C:\Program Files\TortoiseGit\bin;C:\Program Files (x86)\Microsoft VS Code\bin;C:\Program Files\nodejs\;C:\Users\JaviACG\AppData\Local\Microsoft\WindowsApps;C:\Program Files (x86)\Microsoft VS Code\bin;C:\Users\JaviACG\AppData\Roaming\npm
USERNAME=JaviACG
OS=Windows_NT
PROCESSOR_IDENTIFIER=Intel64 Family 6 Model 37 Stepping 2, GenuineIntel



---------------  S Y S T E M  ---------------

OS: Windows 10.0 , 64 bit Build 17134 (10.0.17134.1)

CPU:total 4 (initial active 4) (2 cores per cpu, 2 threads per core) family 6 model 37 stepping 2, cmov, cx8, fxsr, mmx, sse, sse2, sse3, ssse3, sse4.1, sse4.2, popcnt, aes, clmul, ht, tsc, tscinvbit

Memory: 4k page, physical 12377380k(4580932k free), swap 18254232k(6445844k free)

vm_info: Java HotSpot(TM) 64-Bit Server VM (25.151-b12) for windows-amd64 JRE (1.8.0_151-b12), built on Sep  5 2017 19:33:46 by "java_re" with MS VC++ 10.0 (VS2010)

time: Tue Apr 09 12:01:40 2019
elapsed time: 3 seconds (0d 0h 0m 3s)

